<?xml version="1.0" encoding="UTF-8"?>
<checkstyle version="8.45.1">
<file name="/workspaces/unitTestDesignHints/src/main/java/com/gomezr/functionalcore/Campaign.java">
<error line="8" column="1" severity="error" message="Missing a Javadoc comment." source="com.puppycrawl.tools.checkstyle.checks.javadoc.MissingJavadocTypeCheck"/>
<error line="13" column="10" severity="error" message="Variable &apos;id&apos; must be private and have accessor methods." source="com.puppycrawl.tools.checkstyle.checks.design.VisibilityModifierCheck"/>
<error line="14" column="12" severity="error" message="Variable &apos;calc&apos; must be private and have accessor methods." source="com.puppycrawl.tools.checkstyle.checks.design.VisibilityModifierCheck"/>
<error line="15" column="12" severity="error" message="Variable &apos;type&apos; must be private and have accessor methods." source="com.puppycrawl.tools.checkstyle.checks.design.VisibilityModifierCheck"/>
</file>
<file name="/workspaces/unitTestDesignHints/src/main/java/com/gomezr/functionalcore/ProductRepository.java">
<error line="3" column="1" severity="error" message="Missing a Javadoc comment." source="com.puppycrawl.tools.checkstyle.checks.javadoc.MissingJavadocTypeCheck"/>
</file>
<file name="/workspaces/unitTestDesignHints/src/main/java/com/gomezr/functionalcore/CampaignRepository.java">
<error line="3" column="1" severity="error" message="Missing a Javadoc comment." source="com.puppycrawl.tools.checkstyle.checks.javadoc.MissingJavadocTypeCheck"/>
</file>
<file name="/workspaces/unitTestDesignHints/src/main/java/com/gomezr/functionalcore/PageRepository.java">
<error line="3" column="1" severity="error" message="Missing a Javadoc comment." source="com.puppycrawl.tools.checkstyle.checks.javadoc.MissingJavadocTypeCheck"/>
</file>
<file name="/workspaces/unitTestDesignHints/src/main/java/com/gomezr/functionalcore/CampaignService.java">
<error line="5" column="1" severity="error" message="Missing a Javadoc comment." source="com.puppycrawl.tools.checkstyle.checks.javadoc.MissingJavadocTypeCheck"/>
<error line="12" column="5" severity="error" message="Missing a Javadoc comment." source="com.puppycrawl.tools.checkstyle.checks.javadoc.MissingJavadocMethodCheck"/>
<error line="23" column="1" severity="error" message="&apos;CLASS_DEF&apos; has more than 1 empty lines before." source="com.puppycrawl.tools.checkstyle.checks.whitespace.EmptyLineSeparatorCheck"/>
<error line="23" column="1" severity="error" message="Missing a Javadoc comment." source="com.puppycrawl.tools.checkstyle.checks.javadoc.MissingJavadocTypeCheck"/>
<error line="23" column="1" severity="error" message="Top-level class FunctionalCore has to reside in its own source file." source="com.puppycrawl.tools.checkstyle.checks.design.OneTopLevelClassCheck"/>
<error line="25" column="5" severity="error" message="Missing a Javadoc comment." source="com.puppycrawl.tools.checkstyle.checks.javadoc.MissingJavadocMethodCheck"/>
<error line="26" column="5" severity="error" message="Block comment has incorrect indentation level 4, expected is 8, indentation should be the same level as line 29." source="com.puppycrawl.tools.checkstyle.checks.indentation.CommentsIndentationCheck"/>
</file>
<file name="/workspaces/unitTestDesignHints/src/main/java/com/gomezr/functionalcore/Page.java">
<error line="6" column="1" severity="error" message="Missing a Javadoc comment." source="com.puppycrawl.tools.checkstyle.checks.javadoc.MissingJavadocTypeCheck"/>
<error line="9" column="10" severity="error" message="Variable &apos;id&apos; must be private and have accessor methods." source="com.puppycrawl.tools.checkstyle.checks.design.VisibilityModifierCheck"/>
<error line="10" column="12" severity="error" message="Variable &apos;name&apos; must be private and have accessor methods." source="com.puppycrawl.tools.checkstyle.checks.design.VisibilityModifierCheck"/>
<error line="11" column="12" severity="error" message="Variable &apos;type&apos; must be private and have accessor methods." source="com.puppycrawl.tools.checkstyle.checks.design.VisibilityModifierCheck"/>
</file>
<file name="/workspaces/unitTestDesignHints/src/main/java/com/gomezr/functionalcore/Product.java">
<error line="6" column="1" severity="error" message="Missing a Javadoc comment." source="com.puppycrawl.tools.checkstyle.checks.javadoc.MissingJavadocTypeCheck"/>
<error line="9" column="10" severity="error" message="Variable &apos;id&apos; must be private and have accessor methods." source="com.puppycrawl.tools.checkstyle.checks.design.VisibilityModifierCheck"/>
<error line="10" column="12" severity="error" message="Variable &apos;name&apos; must be private and have accessor methods." source="com.puppycrawl.tools.checkstyle.checks.design.VisibilityModifierCheck"/>
<error line="11" column="12" severity="error" message="Variable &apos;type&apos; must be private and have accessor methods." source="com.puppycrawl.tools.checkstyle.checks.design.VisibilityModifierCheck"/>
</file>
<file name="/workspaces/unitTestDesignHints/src/main/java/com/gomezr/signatures/PreciseSignatures.java">
<error line="1" severity="error" message="File does not end with a newline." source="com.puppycrawl.tools.checkstyle.checks.NewlineAtEndOfFileCheck"/>
<error line="5" column="1" severity="error" message="Missing a Javadoc comment." source="com.puppycrawl.tools.checkstyle.checks.javadoc.MissingJavadocTypeCheck"/>
<error line="5" column="1" severity="error" message="Utility classes should not have a public or default constructor." source="com.puppycrawl.tools.checkstyle.checks.design.HideUtilityClassConstructorCheck"/>
<error line="11" column="1" severity="error" message="Missing a Javadoc comment." source="com.puppycrawl.tools.checkstyle.checks.javadoc.MissingJavadocTypeCheck"/>
<error line="11" column="1" severity="error" message="Top-level class Alert has to reside in its own source file." source="com.puppycrawl.tools.checkstyle.checks.design.OneTopLevelClassCheck"/>
</file>
<file name="/workspaces/unitTestDesignHints/src/main/java/com/gomezr/immutable/ImmutableObjects.java">
<error line="1" severity="error" message="File does not end with a newline." source="com.puppycrawl.tools.checkstyle.checks.NewlineAtEndOfFileCheck"/>
<error line="8" column="1" severity="error" message="Missing a Javadoc comment." source="com.puppycrawl.tools.checkstyle.checks.javadoc.MissingJavadocTypeCheck"/>
<error line="12" column="5" severity="error" message="Missing a Javadoc comment." source="com.puppycrawl.tools.checkstyle.checks.javadoc.MissingJavadocMethodCheck"/>
<error line="14" column="13" severity="error" message="Assignment of parameter &apos;dog&apos; is not allowed." source="com.puppycrawl.tools.checkstyle.checks.coding.ParameterAssignmentCheck"/>
<error line="22" column="1" severity="error" message="Missing a Javadoc comment." source="com.puppycrawl.tools.checkstyle.checks.javadoc.MissingJavadocTypeCheck"/>
<error line="22" column="1" severity="error" message="Top-level class Dog has to reside in its own source file." source="com.puppycrawl.tools.checkstyle.checks.design.OneTopLevelClassCheck"/>
<error line="27" column="11" severity="error" message="&apos;private&apos; modifier out of order with the JLS suggestions." source="com.puppycrawl.tools.checkstyle.checks.modifier.ModifierOrderCheck"/>
<error line="30" column="1" severity="error" message="Missing a Javadoc comment." source="com.puppycrawl.tools.checkstyle.checks.javadoc.MissingJavadocTypeCheck"/>
<error line="30" column="1" severity="error" message="Top-level class SpeedCalculator has to reside in its own source file." source="com.puppycrawl.tools.checkstyle.checks.design.OneTopLevelClassCheck"/>
<error line="31" column="5" severity="error" message="Missing a Javadoc comment." source="com.puppycrawl.tools.checkstyle.checks.javadoc.MissingJavadocMethodCheck"/>
<error line="34" column="16" severity="error" message="&apos;10&apos; is a magic number." source="com.puppycrawl.tools.checkstyle.checks.coding.MagicNumberCheck"/>
</file>
<file name="/workspaces/unitTestDesignHints/src/main/java/com/gomezr/App.java">
</file>
<file name="/workspaces/unitTestDesignHints/src/main/java/com/gomezr/commandquery/CommandQuerySeparation.java">
<error line="1" severity="error" message="File does not end with a newline." source="com.puppycrawl.tools.checkstyle.checks.NewlineAtEndOfFileCheck"/>
<error line="7" column="1" severity="error" message="Missing a Javadoc comment." source="com.puppycrawl.tools.checkstyle.checks.javadoc.MissingJavadocTypeCheck"/>
<error line="11" column="5" severity="error" message="Missing a Javadoc comment." source="com.puppycrawl.tools.checkstyle.checks.javadoc.MissingJavadocMethodCheck"/>
<error line="13" column="46" severity="error" message="&apos;100&apos; is a magic number." source="com.puppycrawl.tools.checkstyle.checks.coding.MagicNumberCheck"/>
<error line="14" column="56" severity="error" message="&apos;100&apos; is a magic number." source="com.puppycrawl.tools.checkstyle.checks.coding.MagicNumberCheck"/>
<error line="21" column="1" severity="error" message="&apos;CLASS_DEF&apos; has more than 1 empty lines before." source="com.puppycrawl.tools.checkstyle.checks.whitespace.EmptyLineSeparatorCheck"/>
<error line="21" column="1" severity="error" message="Missing a Javadoc comment." source="com.puppycrawl.tools.checkstyle.checks.javadoc.MissingJavadocTypeCheck"/>
<error line="21" column="1" severity="error" message="Top-level class SalaryService has to reside in its own source file." source="com.puppycrawl.tools.checkstyle.checks.design.OneTopLevelClassCheck"/>
<error line="28" column="17" severity="error" message="&apos;+&apos; is not followed by whitespace." source="com.puppycrawl.tools.checkstyle.checks.whitespace.WhitespaceAroundCheck"/>
<error line="28" column="17" severity="error" message="&apos;+&apos; is not preceded with whitespace." source="com.puppycrawl.tools.checkstyle.checks.whitespace.WhitespaceAroundCheck"/>
<error line="28" column="18" severity="error" message="&apos;200&apos; is a magic number." source="com.puppycrawl.tools.checkstyle.checks.coding.MagicNumberCheck"/>
<error line="32" column="1" severity="error" message="Missing a Javadoc comment." source="com.puppycrawl.tools.checkstyle.checks.javadoc.MissingJavadocTypeCheck"/>
<error line="32" column="1" severity="error" message="Top-level class Employee has to reside in its own source file." source="com.puppycrawl.tools.checkstyle.checks.design.OneTopLevelClassCheck"/>
</file>
<file name="/workspaces/unitTestDesignHints/src/main/java/com/gomezr/fixturecreep/FixtureCreep.java">
<error line="1" severity="error" message="File does not end with a newline." source="com.puppycrawl.tools.checkstyle.checks.NewlineAtEndOfFileCheck"/>
<error line="5" column="1" severity="error" message="Missing a Javadoc comment." source="com.puppycrawl.tools.checkstyle.checks.javadoc.MissingJavadocTypeCheck"/>
<error line="9" column="5" severity="error" message="Missing a Javadoc comment." source="com.puppycrawl.tools.checkstyle.checks.javadoc.MissingJavadocMethodCheck"/>
<error line="18" column="1" severity="error" message="Missing a Javadoc comment." source="com.puppycrawl.tools.checkstyle.checks.javadoc.MissingJavadocTypeCheck"/>
<error line="18" column="1" severity="error" message="Top-level class FixtureCreepProduct has to reside in its own source file." source="com.puppycrawl.tools.checkstyle.checks.design.OneTopLevelClassCheck"/>
<error line="22" column="5" severity="error" message="Missing a Javadoc comment." source="com.puppycrawl.tools.checkstyle.checks.javadoc.MissingJavadocMethodCheck"/>
<error line="32" column="1" severity="error" message="&apos;INTERFACE_DEF&apos; has more than 1 empty lines before." source="com.puppycrawl.tools.checkstyle.checks.whitespace.EmptyLineSeparatorCheck"/>
<error line="32" column="1" severity="error" message="Missing a Javadoc comment." source="com.puppycrawl.tools.checkstyle.checks.javadoc.MissingJavadocTypeCheck"/>
<error line="32" column="1" severity="error" message="Top-level class Dependency has to reside in its own source file." source="com.puppycrawl.tools.checkstyle.checks.design.OneTopLevelClassCheck"/>
<error line="34" column="5" severity="error" message="&apos;METHOD_DEF&apos; should be separated from previous line." source="com.puppycrawl.tools.checkstyle.checks.whitespace.EmptyLineSeparatorCheck"/>
</file>
<file name="/workspaces/unitTestDesignHints/src/test/java/com/gomezr/functionalcore/CampaignServiceTest.java">
<error line="3" column="47" severity="error" message="Using the &apos;.*&apos; form of import should be avoided - org.junit.jupiter.api.Assertions.*." source="com.puppycrawl.tools.checkstyle.checks.imports.AvoidStarImportCheck"/>
<error line="8" column="1" severity="error" message="&apos;import&apos; has more than 1 empty lines before." source="com.puppycrawl.tools.checkstyle.checks.whitespace.EmptyLineSeparatorCheck"/>
<error line="8" column="1" severity="error" message="Wrong order for &apos;org.junit.jupiter.api.Test&apos; import." source="com.puppycrawl.tools.checkstyle.checks.imports.ImportOrderCheck"/>
<error line="16" column="1" severity="error" message="Missing a Javadoc comment." source="com.puppycrawl.tools.checkstyle.checks.javadoc.MissingJavadocTypeCheck"/>
<error line="19" column="21" severity="error" message="Variable &apos;campaignService&apos; must be private and have accessor methods." source="com.puppycrawl.tools.checkstyle.checks.design.VisibilityModifierCheck"/>
<error line="21" column="23" severity="error" message="Variable &apos;productRepository&apos; must be private and have accessor methods." source="com.puppycrawl.tools.checkstyle.checks.design.VisibilityModifierCheck"/>
<error line="23" column="20" severity="error" message="Variable &apos;pageRepository&apos; must be private and have accessor methods." source="com.puppycrawl.tools.checkstyle.checks.design.VisibilityModifierCheck"/>
<error line="25" column="24" severity="error" message="Variable &apos;campaignRepository&apos; must be private and have accessor methods." source="com.puppycrawl.tools.checkstyle.checks.design.VisibilityModifierCheck"/>
<error line="27" column="20" severity="error" message="Variable &apos;functionalCore&apos; must be private and have accessor methods." source="com.puppycrawl.tools.checkstyle.checks.design.VisibilityModifierCheck"/>
<error line="29" column="30" severity="error" message="Variable &apos;campaignCaptor&apos; must be private and have accessor methods." source="com.puppycrawl.tools.checkstyle.checks.design.VisibilityModifierCheck"/>
<error line="53" column="1" severity="error" message="Missing a Javadoc comment." source="com.puppycrawl.tools.checkstyle.checks.javadoc.MissingJavadocTypeCheck"/>
<error line="53" column="1" severity="error" message="Top-level class FunctionalCoreeTest has to reside in its own source file." source="com.puppycrawl.tools.checkstyle.checks.design.OneTopLevelClassCheck"/>
<error line="54" column="20" severity="error" message="Variable &apos;functionalCore&apos; must be private and have accessor methods." source="com.puppycrawl.tools.checkstyle.checks.design.VisibilityModifierCheck"/>
</file>
<file name="/workspaces/unitTestDesignHints/src/test/java/com/gomezr/signatures/PreciseSignaturesTest.java">
<error line="1" severity="error" message="File does not end with a newline." source="com.puppycrawl.tools.checkstyle.checks.NewlineAtEndOfFileCheck"/>
<error line="3" column="47" severity="error" message="Using the &apos;.*&apos; form of import should be avoided - org.junit.jupiter.api.Assertions.*." source="com.puppycrawl.tools.checkstyle.checks.imports.AvoidStarImportCheck"/>
<error line="6" column="1" severity="error" message="&apos;import&apos; has more than 1 empty lines before." source="com.puppycrawl.tools.checkstyle.checks.whitespace.EmptyLineSeparatorCheck"/>
<error line="6" column="1" severity="error" message="Wrong order for &apos;org.junit.jupiter.api.Test&apos; import." source="com.puppycrawl.tools.checkstyle.checks.imports.ImportOrderCheck"/>
<error line="8" column="1" severity="error" message="Missing a Javadoc comment." source="com.puppycrawl.tools.checkstyle.checks.javadoc.MissingJavadocTypeCheck"/>
</file>
<file name="/workspaces/unitTestDesignHints/src/test/java/com/gomezr/immutable/ImmutableObjectsTest.java">
<error line="1" severity="error" message="File does not end with a newline." source="com.puppycrawl.tools.checkstyle.checks.NewlineAtEndOfFileCheck"/>
<error line="8" column="1" severity="error" message="&apos;import&apos; has more than 1 empty lines before." source="com.puppycrawl.tools.checkstyle.checks.whitespace.EmptyLineSeparatorCheck"/>
<error line="8" column="1" severity="error" message="Wrong order for &apos;org.junit.jupiter.api.Test&apos; import." source="com.puppycrawl.tools.checkstyle.checks.imports.ImportOrderCheck"/>
<error line="14" column="1" severity="error" message="Missing a Javadoc comment." source="com.puppycrawl.tools.checkstyle.checks.javadoc.MissingJavadocTypeCheck"/>
<error line="23" column="64" severity="error" message="&apos;33&apos; is a magic number." source="com.puppycrawl.tools.checkstyle.checks.coding.MagicNumberCheck"/>
<error line="27" column="22" severity="error" message="&apos;33&apos; is a magic number." source="com.puppycrawl.tools.checkstyle.checks.coding.MagicNumberCheck"/>
</file>
<file name="/workspaces/unitTestDesignHints/src/test/java/com/gomezr/commandquery/CommandQuerySeparationTest.java">
<error line="1" severity="error" message="File does not end with a newline." source="com.puppycrawl.tools.checkstyle.checks.NewlineAtEndOfFileCheck"/>
<error line="7" column="1" severity="error" message="Wrong order for &apos;org.junit.jupiter.api.Test&apos; import." source="com.puppycrawl.tools.checkstyle.checks.imports.ImportOrderCheck"/>
<error line="13" column="1" severity="error" message="Missing a Javadoc comment." source="com.puppycrawl.tools.checkstyle.checks.javadoc.MissingJavadocTypeCheck"/>
<error line="22" column="50" severity="error" message="&apos;1000&apos; is a magic number." source="com.puppycrawl.tools.checkstyle.checks.coding.MagicNumberCheck"/>
<error line="24" column="53" severity="error" message="&apos;100&apos; is a magic number." source="com.puppycrawl.tools.checkstyle.checks.coding.MagicNumberCheck"/>
<error line="24" column="70" severity="error" message="&apos;10&apos; is a magic number." source="com.puppycrawl.tools.checkstyle.checks.coding.MagicNumberCheck"/>
<error line="26" column="54" severity="error" message="&apos;100&apos; is a magic number." source="com.puppycrawl.tools.checkstyle.checks.coding.MagicNumberCheck"/>
</file>
<file name="/workspaces/unitTestDesignHints/src/test/java/com/gomezr/fixturecreep/FixtureCreepTest.java">
<error line="1" severity="error" message="File does not end with a newline." source="com.puppycrawl.tools.checkstyle.checks.NewlineAtEndOfFileCheck"/>
<error line="6" column="1" severity="error" message="&apos;import&apos; has more than 1 empty lines before." source="com.puppycrawl.tools.checkstyle.checks.whitespace.EmptyLineSeparatorCheck"/>
<error line="6" column="1" severity="error" message="Wrong order for &apos;org.junit.jupiter.api.BeforeEach&apos; import." source="com.puppycrawl.tools.checkstyle.checks.imports.ImportOrderCheck"/>
<error line="13" column="1" severity="error" message="Missing a Javadoc comment." source="com.puppycrawl.tools.checkstyle.checks.javadoc.MissingJavadocTypeCheck"/>
<error line="16" column="16" severity="error" message="Variable &apos;dependency&apos; must be private and have accessor methods." source="com.puppycrawl.tools.checkstyle.checks.design.VisibilityModifierCheck"/>
<error line="18" column="18" severity="error" message="Variable &apos;fixtureCreep&apos; must be private and have accessor methods." source="com.puppycrawl.tools.checkstyle.checks.design.VisibilityModifierCheck"/>
<error line="26" column="5" severity="error" message="&apos;METHOD_DEF&apos; has more than 1 empty lines before." source="com.puppycrawl.tools.checkstyle.checks.whitespace.EmptyLineSeparatorCheck"/>
<error line="46" column="1" severity="error" message="Missing a Javadoc comment." source="com.puppycrawl.tools.checkstyle.checks.javadoc.MissingJavadocTypeCheck"/>
<error line="46" column="1" severity="error" message="Top-level class FixtureCreepProductTest has to reside in its own source file." source="com.puppycrawl.tools.checkstyle.checks.design.OneTopLevelClassCheck"/>
<error line="49" column="16" severity="error" message="Variable &apos;dependency&apos; must be private and have accessor methods." source="com.puppycrawl.tools.checkstyle.checks.design.VisibilityModifierCheck"/>
<error line="51" column="25" severity="error" message="Variable &apos;fixtureCreep&apos; must be private and have accessor methods." source="com.puppycrawl.tools.checkstyle.checks.design.VisibilityModifierCheck"/>
<error line="59" column="5" severity="error" message="&apos;METHOD_DEF&apos; has more than 1 empty lines before." source="com.puppycrawl.tools.checkstyle.checks.whitespace.EmptyLineSeparatorCheck"/>
<error line="64" column="5" severity="error" message="&apos;METHOD_DEF&apos; should be separated from previous line." source="com.puppycrawl.tools.checkstyle.checks.whitespace.EmptyLineSeparatorCheck"/>
</file>
<file name="/workspaces/unitTestDesignHints/src/test/java/com/gomezr/AppTest.java">
</file>
</checkstyle>
